 0 0
 0.5 0
 0.5 0.5
 0 0.5
 0 0

 0.5 0
 0.75 0
 0.75 0.25
 0.5 0.25
 0.5 0

 0.75 0
 1 0
 1 0.25
 0.75 0.25
 0.75 0

 0.75 0.25
 1 0.25
 1 0.5
 0.75 0.5
 0.75 0.25

 0.5 0.25
 0.75 0.25
 0.75 0.5
 0.5 0.5
 0.5 0.25

 0.5 0.5
 0.75 0.5
 0.75 0.75
 0.5 0.75
 0.5 0.5

 0.75 0.5
 1 0.5
 1 0.75
 0.75 0.75
 0.75 0.5

 0.75 0.75
 1 0.75
 1 1
 0.75 1
 0.75 0.75

 0.5 0.75
 0.75 0.75
 0.75 1
 0.5 1
 0.5 0.75

 0 0.5
 0.25 0.5
 0.25 0.75
 0 0.75
 0 0.5

 0.25 0.5
 0.5 0.5
 0.5 0.75
 0.25 0.75
 0.25 0.5

 0.25 0.75
 0.5 0.75
 0.5 1
 0.25 1
 0.25 0.75

 0 0.75
 0.125 0.75
 0.125 0.875
 0 0.875
 0 0.75

 0.125 0.75
 0.25 0.75
 0.25 0.875
 0.125 0.875
 0.125 0.75

 0.125 0.875
 0.1875 0.875
 0.1875 0.9375
 0.125 0.9375
 0.125 0.875

 0.1875 0.875
 0.25 0.875
 0.25 0.9375
 0.1875 0.9375
 0.1875 0.875

 0.1875 0.9375
 0.25 0.9375
 0.25 1
 0.1875 1
 0.1875 0.9375

 0.125 0.9375
 0.1875 0.9375
 0.1875 1
 0.125 1
 0.125 0.9375

 0 0.875
 0.125 0.875
 0.125 1
 0 1
 0 0.875

